<?xml version="1.0" encoding="UTF-8"?>
<!-- Generated by org.testng.reporters.JUnitReportReporter -->
<testsuite hostname="DESKTOP-0N88LAP" failures="0" tests="3" name="com.qa.selenium.testscripts.TC_AmazonSeachTest_001" time="25.099" errors="0" timestamp="2021-03-05T11:18:06 IST" skipped="0">
  <testcase classname="com.qa.selenium.testscripts.TC_AmazonSeachTest_001" name="searchItem" time="12.239"/>
  <system-out>
URL opened  </system-out>
  <testcase classname="com.qa.selenium.testscripts.TC_AmazonSeachTest_001" name="searchItem" time="6.693"/>
  <system-out>
URL opened  </system-out>
  <testcase classname="com.qa.selenium.testscripts.TC_AmazonSeachTest_001" name="searchItem" time="6.167"/>
  <system-out>
URL opened  </system-out>
</testsuite> <!-- com.qa.selenium.testscripts.TC_AmazonSeachTest_001 -->
