<?xml version="1.0" encoding="UTF-8"?>
<!-- Generated by org.testng.reporters.JUnitReportReporter -->
<testsuite skipped="0" hostname="DESKTOP-0N88LAP" name="com.qa.selenium.testscripts.TC_AmazonSeachTest_001" tests="3" failures="0" timestamp="2021-03-05T11:34:58 IST" time="20.447" errors="0">
  <testcase name="searchItem" time="9.128" classname="com.qa.selenium.testscripts.TC_AmazonSeachTest_001"/>
  <system-out>
URL opened  </system-out>
  <testcase name="searchItem" time="5.617" classname="com.qa.selenium.testscripts.TC_AmazonSeachTest_001"/>
  <system-out>
URL opened  </system-out>
  <testcase name="searchItem" time="5.702" classname="com.qa.selenium.testscripts.TC_AmazonSeachTest_001"/>
  <system-out>
URL opened  </system-out>
</testsuite> <!-- com.qa.selenium.testscripts.TC_AmazonSeachTest_001 -->
